<?xml version="1.0" encoding="UTF-8"?>
<!-- Generated by org.testng.reporters.JUnitXMLReporter -->
<testsuite hostname="Jelica-PC" name="Default test" tests="10" failures="0" timestamp="1 Oct 2019 09:44:54 GMT" time="110.072" errors="0">
  <testcase name="VerifyElementsOnRegisterPage" time="3.684" classname="Register.RegisterTestCases"/>
  <testcase name="SignUpWithoutFirstName" time="4.997" classname="Register.RegisterTestCases"/>
  <testcase name="SignUpWithoutLastName" time="4.84" classname="Register.RegisterTestCases"/>
  <testcase name="SignUpWithoutEmail" time="4.776" classname="Register.RegisterTestCases"/>
  <testcase name="SignUpWithWrongEmail" time="5.042" classname="Register.RegisterTestCases"/>
  <testcase name="SignUpWithWrongRepeatedPassword" time="4.895" classname="Register.RegisterTestCases"/>
  <testcase name="SignUpWithoutAnyInformation" time="7.185" classname="Register.RegisterTestCases"/>
  <testcase name="SignUpWithoutPassandConfirmPass" time="4.804" classname="Register.RegisterTestCases"/>
  <testcase name="SingUpSuccessfully" time="20.683" classname="Register.RegisterTestCases"/>
  <testcase name="SingUpSuccessfullyWithoutPhone" time="28.464" classname="Register.RegisterTestCases"/>
</testsuite> <!-- Default test -->
